Logfile initialized
[INFO] logfile = C:\Users\Manuel\Documents\Titanium_Studio_Workspace\Trustudy\build.log
[DEBUG] C:\Users\Manuel\AppData\Roaming\Titanium\mobilesdk\win32\3.1.3.GA\android\builder.py install Trustudy C:\adt-bundle-windows-x86-20130917\adt-bundle-windows-x86-20130917\sdk C:\Users\Manuel\Documents\Titanium_Studio_Workspace\Trustudy com.appcelerator.trustudy 6
[INFO] Titanium SDK version: 3.1.3 (09/18/13 12:00 222f4d1)
[DEBUG] Waiting for device to be ready ...
[TRACE] adb devices returned 1 devices/emulators
[DEBUG] Device connected... (waited 0 seconds)
[DEBUG] waited 0.071000 seconds on emulator to get ready
[DEBUG] com.appcelerator.trustudy installed? False
[INFO] Copying CommonJS modules...
[INFO] Copying project resources..
[TRACE] COPYING MODIFIED FILE: C:\Users\Manuel\Documents\Titanium_Studio_Workspace\Trustudy\Resources\app.js => C:\Users\Manuel\Documents\Titanium_Studio_Workspace\Trustudy\build\android\bin\assets\Resources\app.js
[TRACE] COPYING CREATED FILE: C:\Users\Manuel\Documents\Titanium_Studio_Workspace\Trustudy\Resources\icons\2_action_about.png => C:\Users\Manuel\Documents\Titanium_Studio_Workspace\Trustudy\build\android\bin\assets\Resources\icons\2_action_about.png
[DEBUG] LiveView not enabled
[TRACE] Generating Java Classes
[DEBUG] Processing Android resource drawables
[DEBUG] copying app icon: C:\Users\Manuel\Documents\Titanium_Studio_Workspace\Trustudy\build\android\bin\assets\Resources\appicon.png
[DEBUG] generating theme.xml
[DEBUG] found drawable-long-land-hdpi splash screen at C:\Users\Manuel\Documents\Titanium_Studio_Workspace\Trustudy\Resources\android\images\res-long-land-hdpi\default.png
[DEBUG] copying C:\Users\Manuel\Documents\Titanium_Studio_Workspace\Trustudy\Resources\android\images\res-long-land-hdpi\default.png splash screen to C:\Users\Manuel\Documents\Titanium_Studio_Workspace\Trustudy\build\android\res\drawable-long-land-hdpi\background.png
[DEBUG] found drawable-long-land-ldpi splash screen at C:\Users\Manuel\Documents\Titanium_Studio_Workspace\Trustudy\Resources\android\images\res-long-land-ldpi\default.png
[DEBUG] copying C:\Users\Manuel\Documents\Titanium_Studio_Workspace\Trustudy\Resources\android\images\res-long-land-ldpi\default.png splash screen to C:\Users\Manuel\Documents\Titanium_Studio_Workspace\Trustudy\build\android\res\drawable-long-land-ldpi\background.png
[DEBUG] found drawable-long-port-hdpi splash screen at C:\Users\Manuel\Documents\Titanium_Studio_Workspace\Trustudy\Resources\android\images\res-long-port-hdpi\default.png
[DEBUG] copying C:\Users\Manuel\Documents\Titanium_Studio_Workspace\Trustudy\Resources\android\images\res-long-port-hdpi\default.png splash screen to C:\Users\Manuel\Documents\Titanium_Studio_Workspace\Trustudy\build\android\res\drawable-long-port-hdpi\background.png
[DEBUG] found drawable-long-port-ldpi splash screen at C:\Users\Manuel\Documents\Titanium_Studio_Workspace\Trustudy\Resources\android\images\res-long-port-ldpi\default.png
[DEBUG] copying C:\Users\Manuel\Documents\Titanium_Studio_Workspace\Trustudy\Resources\android\images\res-long-port-ldpi\default.png splash screen to C:\Users\Manuel\Documents\Titanium_Studio_Workspace\Trustudy\build\android\res\drawable-long-port-ldpi\background.png
[DEBUG] found drawable-notlong-land-hdpi splash screen at C:\Users\Manuel\Documents\Titanium_Studio_Workspace\Trustudy\Resources\android\images\res-notlong-land-hdpi\default.png
[DEBUG] copying C:\Users\Manuel\Documents\Titanium_Studio_Workspace\Trustudy\Resources\android\images\res-notlong-land-hdpi\default.png splash screen to C:\Users\Manuel\Documents\Titanium_Studio_Workspace\Trustudy\build\android\res\drawable-notlong-land-hdpi\background.png
[DEBUG] found drawable-notlong-land-ldpi splash screen at C:\Users\Manuel\Documents\Titanium_Studio_Workspace\Trustudy\Resources\android\images\res-notlong-land-ldpi\default.png
[DEBUG] copying C:\Users\Manuel\Documents\Titanium_Studio_Workspace\Trustudy\Resources\android\images\res-notlong-land-ldpi\default.png splash screen to C:\Users\Manuel\Documents\Titanium_Studio_Workspace\Trustudy\build\android\res\drawable-notlong-land-ldpi\background.png
[DEBUG] found drawable-notlong-land-mdpi splash screen at C:\Users\Manuel\Documents\Titanium_Studio_Workspace\Trustudy\Resources\android\images\res-notlong-land-mdpi\default.png
[DEBUG] copying C:\Users\Manuel\Documents\Titanium_Studio_Workspace\Trustudy\Resources\android\images\res-notlong-land-mdpi\default.png splash screen to C:\Users\Manuel\Documents\Titanium_Studio_Workspace\Trustudy\build\android\res\drawable-notlong-land-mdpi\background.png
[DEBUG] found drawable-notlong-port-hdpi splash screen at C:\Users\Manuel\Documents\Titanium_Studio_Workspace\Trustudy\Resources\android\images\res-notlong-port-hdpi\default.png
[DEBUG] copying C:\Users\Manuel\Documents\Titanium_Studio_Workspace\Trustudy\Resources\android\images\res-notlong-port-hdpi\default.png splash screen to C:\Users\Manuel\Documents\Titanium_Studio_Workspace\Trustudy\build\android\res\drawable-notlong-port-hdpi\background.png
[DEBUG] found drawable-notlong-port-ldpi splash screen at C:\Users\Manuel\Documents\Titanium_Studio_Workspace\Trustudy\Resources\android\images\res-notlong-port-ldpi\default.png
[DEBUG] copying C:\Users\Manuel\Documents\Titanium_Studio_Workspace\Trustudy\Resources\android\images\res-notlong-port-ldpi\default.png splash screen to C:\Users\Manuel\Documents\Titanium_Studio_Workspace\Trustudy\build\android\res\drawable-notlong-port-ldpi\background.png
[DEBUG] found drawable-notlong-port-mdpi splash screen at C:\Users\Manuel\Documents\Titanium_Studio_Workspace\Trustudy\Resources\android\images\res-notlong-port-mdpi\default.png
[DEBUG] copying C:\Users\Manuel\Documents\Titanium_Studio_Workspace\Trustudy\Resources\android\images\res-notlong-port-mdpi\default.png splash screen to C:\Users\Manuel\Documents\Titanium_Studio_Workspace\Trustudy\build\android\res\drawable-notlong-port-mdpi\background.png
[DEBUG] found splash screen at C:\Users\Manuel\Documents\Titanium_Studio_Workspace\Trustudy\build\android\bin\assets\Resources\default.png
[TRACE] Writing out AndroidManifest.xml
[DEBUG] adding C:\Users\Manuel\Documents\Titanium_Studio_Workspace\Trustudy\build\android\gen\com\appcelerator\trustudy\R.java to javac build list
[DEBUG] adding C:\Users\Manuel\Documents\Titanium_Studio_Workspace\Trustudy\build\android\gen\com\appcelerator\trustudy\TrustudyActivity.java to javac build list
[DEBUG] adding C:\Users\Manuel\Documents\Titanium_Studio_Workspace\Trustudy\build\android\gen\com\appcelerator\trustudy\TrustudyAppInfo.java to javac build list
[DEBUG] adding C:\Users\Manuel\Documents\Titanium_Studio_Workspace\Trustudy\build\android\gen\com\appcelerator\trustudy\TrustudyApplication.java to javac build list
[DEBUG] Building Java Sources: "C:\\Users\\Manuel\\Documents\\Titanium_Studio_Workspace\\Trustudy\\build\\android\\gen\\com\\appcelerator\\trustudy\\R.java" "C:\\Users\\Manuel\\Documents\\Titanium_Studio_Workspace\\Trustudy\\build\\android\\gen\\com\\appcelerator\\trustudy\\TrustudyActivity.java" "C:\\Users\\Manuel\\Documents\\Titanium_Studio_Workspace\\Trustudy\\build\\android\\gen\\com\\appcelerator\\trustudy\\TrustudyAppInfo.java" "C:\\Users\\Manuel\\Documents\\Titanium_Studio_Workspace\\Trustudy\\build\\android\\gen\\com\\appcelerator\\trustudy\\TrustudyApplication.java"
[INFO] Compiling Android Resources... This could take some time
[DEBUG] Android classes.dex built
[DEBUG] creating unsigned apk: C:\Users\Manuel\Documents\Titanium_Studio_Workspace\Trustudy\build\android\bin\app-unsigned.apk
[DEBUG] from resource zip => assets/Resources/iconos/mdpi/1-navigation-accept.png
[DEBUG] from resource zip => assets/Resources/iconos/mdpi/1-navigation-back.png
[DEBUG] from resource zip => assets/Resources/iconos/mdpi/1-navigation-cancel.png
[DEBUG] from resource zip => assets/Resources/iconos/mdpi/1-navigation-collapse.png
[DEBUG] from resource zip => assets/Resources/iconos/mdpi/1-navigation-expand.png
[DEBUG] from resource zip => assets/Resources/iconos/mdpi/1-navigation-forward.png
[DEBUG] from resource zip => assets/Resources/iconos/mdpi/1-navigation-next-item.png
[DEBUG] from resource zip => assets/Resources/iconos/mdpi/1-navigation-previous-item.png
[DEBUG] from resource zip => assets/Resources/iconos/mdpi/1-navigation-refresh.png
[DEBUG] from resource zip => assets/Resources/iconos/mdpi/10-device-access-accounts.png
[DEBUG] from resource zip => assets/Resources/iconos/mdpi/10-device-access-add-alarm.png
[DEBUG] from resource zip => assets/Resources/iconos/mdpi/10-device-access-alarms.png
[DEBUG] from resource zip => assets/Resources/iconos/mdpi/10-device-access-battery.png
[DEBUG] from resource zip => assets/Resources/iconos/mdpi/10-device-access-bightness-low.png
[DEBUG] from resource zip => assets/Resources/iconos/mdpi/10-device-access-bluetooth-connected.png
[DEBUG] from resource zip => assets/Resources/iconos/mdpi/10-device-access-bluetooth-searching.png
[DEBUG] from resource zip => assets/Resources/iconos/mdpi/10-device-access-bluetooth.png
[DEBUG] from resource zip => assets/Resources/iconos/mdpi/10-device-access-brightness-auto.png
[DEBUG] from resource zip => assets/Resources/iconos/mdpi/10-device-access-brightness-high.png
[DEBUG] from resource zip => assets/Resources/iconos/mdpi/10-device-access-brightness-medium.png
[DEBUG] from resource zip => assets/Resources/iconos/mdpi/10-device-access-call.png
[DEBUG] from resource zip => assets/Resources/iconos/mdpi/10-device-access-camera.png
[DEBUG] from resource zip => assets/Resources/iconos/mdpi/10-device-access-data-usage.png
[DEBUG] from resource zip => assets/Resources/iconos/mdpi/10-device-access-dial-pad.png
[DEBUG] from resource zip => assets/Resources/iconos/mdpi/10-device-access-end-call.png
[DEBUG] from resource zip => assets/Resources/iconos/mdpi/10-device-access-flash-automatic.png
[DEBUG] from resource zip => assets/Resources/iconos/mdpi/10-device-access-flash-off.png
[DEBUG] from resource zip => assets/Resources/iconos/mdpi/10-device-access-flash-on.png
[DEBUG] from resource zip => assets/Resources/iconos/mdpi/10-device-access-location-found.png
[DEBUG] from resource zip => assets/Resources/iconos/mdpi/10-device-access-location-off.png
[DEBUG] from resource zip => assets/Resources/iconos/mdpi/10-device-access-location-searching.png
[DEBUG] from resource zip => assets/Resources/iconos/mdpi/10-device-access-mic-muted.png
[DEBUG] from resource zip => assets/Resources/iconos/mdpi/10-device-access-mic.png
[DEBUG] from resource zip => assets/Resources/iconos/mdpi/10-device-access-network-cell.png
[DEBUG] from resource zip => assets/Resources/iconos/mdpi/10-device-access-network-wifi.png
[DEBUG] from resource zip => assets/Resources/iconos/mdpi/10-device-access-new-account.png
[DEBUG] from resource zip => assets/Resources/iconos/mdpi/10-device-access-not-secure.png
[DEBUG] from resource zip => assets/Resources/iconos/mdpi/10-device-access-ring-volume.png
[DEBUG] from resource zip => assets/Resources/iconos/mdpi/10-device-access-screen-locked-to-landscape.png
[DEBUG] from resource zip => assets/Resources/iconos/mdpi/10-device-access-screen-locked-to-portrait.png
[DEBUG] from resource zip => assets/Resources/iconos/mdpi/10-device-access-screen-rotation.png
[DEBUG] from resource zip => assets/Resources/iconos/mdpi/10-device-access-sd-storage.png
[DEBUG] from resource zip => assets/Resources/iconos/mdpi/10-device-access-secure.png
[DEBUG] from resource zip => assets/Resources/iconos/mdpi/10-device-access-storage.png
[DEBUG] from resource zip => assets/Resources/iconos/mdpi/10-device-access-switch-camera.png
[DEBUG] from resource zip => assets/Resources/iconos/mdpi/10-device-access-switch-video.png
[DEBUG] from resource zip => assets/Resources/iconos/mdpi/10-device-access-time.png
[DEBUG] from resource zip => assets/Resources/iconos/mdpi/10-device-access-usb.png
[DEBUG] from resource zip => assets/Resources/iconos/mdpi/10-device-access-video.png
[DEBUG] from resource zip => assets/Resources/iconos/mdpi/10-device-access-volume-muted.png
[DEBUG] from resource zip => assets/Resources/iconos/mdpi/10-device-access-volume-on.png
[DEBUG] from resource zip => assets/Resources/iconos/mdpi/10_device_access_accounts.png
[DEBUG] from resource zip => assets/Resources/iconos/mdpi/10_device_access_add_alarm.png
[DEBUG] from resource zip => assets/Resources/iconos/mdpi/10_device_access_alarms.png
[DEBUG] from resource zip => assets/Resources/iconos/mdpi/10_device_access_battery.png
[DEBUG] from resource zip => assets/Resources/iconos/mdpi/10_device_access_bightness_low.png
[DEBUG] from resource zip => assets/Resources/iconos/mdpi/10_device_access_bluetooth.png
[DEBUG] from resource zip => assets/Resources/iconos/mdpi/10_device_access_bluetooth_connected.png
[DEBUG] from resource zip => assets/Resources/iconos/mdpi/10_device_access_bluetooth_searching.png
[DEBUG] from resource zip => assets/Resources/iconos/mdpi/10_device_access_brightness_auto.png
[DEBUG] from resource zip => assets/Resources/iconos/mdpi/10_device_access_brightness_high.png
[DEBUG] from resource zip => assets/Resources/iconos/mdpi/10_device_access_brightness_medium.png
[DEBUG] from resource zip => assets/Resources/iconos/mdpi/10_device_access_call.png
[DEBUG] from resource zip => assets/Resources/iconos/mdpi/10_device_access_camera.png
[DEBUG] from resource zip => assets/Resources/iconos/mdpi/10_device_access_data_usage.png
[DEBUG] from resource zip => assets/Resources/iconos/mdpi/10_device_access_dial_pad.png
[DEBUG] from resource zip => assets/Resources/iconos/mdpi/10_device_access_end_call.png
[DEBUG] from resource zip => assets/Resources/iconos/mdpi/10_device_access_flash_automatic.png
[DEBUG] from resource zip => assets/Resources/iconos/mdpi/10_device_access_flash_off.png
[DEBUG] from resource zip => assets/Resources/iconos/mdpi/10_device_access_flash_on.png
[DEBUG] from resource zip => assets/Resources/iconos/mdpi/10_device_access_location_found.png
[DEBUG] from resource zip => assets/Resources/iconos/mdpi/10_device_access_location_off.png
[DEBUG] from resource zip => assets/Resources/iconos/mdpi/10_device_access_location_searching.png
[DEBUG] from resource zip => assets/Resources/iconos/mdpi/10_device_access_mic.png
[DEBUG] from resource zip => assets/Resources/iconos/mdpi/10_device_access_mic_muted.png
[DEBUG] from resource zip => assets/Resources/iconos/mdpi/10_device_access_network_cell.png
[DEBUG] from resource zip => assets/Resources/iconos/mdpi/10_device_access_network_wifi.png
[DEBUG] from resource zip => assets/Resources/iconos/mdpi/10_device_access_new_account.png
[DEBUG] from resource zip => assets/Resources/iconos/mdpi/10_device_access_not_secure.png
[DEBUG] from resource zip => assets/Resources/iconos/mdpi/10_device_access_ring_volume.png
[DEBUG] from resource zip => assets/Resources/iconos/mdpi/10_device_access_screen_locked_to_landscape.png
[DEBUG] from resource zip => assets/Resources/iconos/mdpi/10_device_access_screen_locked_to_portrait.png
[DEBUG] from resource zip => assets/Resources/iconos/mdpi/10_device_access_screen_rotation.png
[DEBUG] from resource zip => assets/Resources/iconos/mdpi/10_device_access_sd_storage.png
[DEBUG] from resource zip => assets/Resources/iconos/mdpi/10_device_access_secure.png
[DEBUG] from resource zip => assets/Resources/iconos/mdpi/10_device_access_storage.png
[DEBUG] from resource zip => assets/Resources/iconos/mdpi/10_device_access_switch_camera.png
[DEBUG] from resource zip => assets/Resources/iconos/mdpi/10_device_access_switch_video.png
[DEBUG] from resource zip => assets/Resources/iconos/mdpi/10_device_access_time.png
[DEBUG] from resource zip => assets/Resources/iconos/mdpi/10_device_access_usb.png
[DEBUG] from resource zip => assets/Resources/iconos/mdpi/10_device_access_video.png
[DEBUG] from resource zip => assets/Resources/iconos/mdpi/10_device_access_volume_muted.png
[DEBUG] from resource zip => assets/Resources/iconos/mdpi/10_device_access_volume_on.png
[DEBUG] from resource zip => assets/Resources/iconos/mdpi/11-alerts-and-states-airplane-mode-off.png
[DEBUG] from resource zip => assets/Resources/iconos/mdpi/11-alerts-and-states-airplane-mode-on.png
[DEBUG] from resource zip => assets/Resources/iconos/mdpi/11-alerts-and-states-error.png
[DEBUG] from resource zip => assets/Resources/iconos/mdpi/11-alerts-and-states-warning.png
[DEBUG] from resource zip => assets/Resources/iconos/mdpi/11_alerts_and_states_airplane_mode_off.png
[DEBUG] from resource zip => assets/Resources/iconos/mdpi/11_alerts_and_states_airplane_mode_on.png
[DEBUG] from resource zip => assets/Resources/iconos/mdpi/11_alerts_and_states_error.png
[DEBUG] from resource zip => assets/Resources/iconos/mdpi/11_alerts_and_states_warning.png
[DEBUG] from resource zip => assets/Resources/iconos/mdpi/12-hardware-computer.png
[DEBUG] from resource zip => assets/Resources/iconos/mdpi/12-hardware-dock.png
[DEBUG] from resource zip => assets/Resources/iconos/mdpi/12-hardware-gamepad.png
[DEBUG] from resource zip => assets/Resources/iconos/mdpi/12-hardware-headphones.png
[DEBUG] from resource zip => assets/Resources/iconos/mdpi/12-hardware-headset.png
[DEBUG] from resource zip => assets/Resources/iconos/mdpi/12-hardware-keyboard.png
[DEBUG] from resource zip => assets/Resources/iconos/mdpi/12-hardware-mouse.png
[DEBUG] from resource zip => assets/Resources/iconos/mdpi/12-hardware-phone.png
[DEBUG] from resource zip => assets/Resources/iconos/mdpi/12_hardware_computer.png
[DEBUG] from resource zip => assets/Resources/iconos/mdpi/12_hardware_dock.png
[DEBUG] from resource zip => assets/Resources/iconos/mdpi/12_hardware_gamepad.png
[DEBUG] from resource zip => assets/Resources/iconos/mdpi/12_hardware_headphones.png
[DEBUG] from resource zip => assets/Resources/iconos/mdpi/12_hardware_headset.png
[DEBUG] from resource zip => assets/Resources/iconos/mdpi/12_hardware_keyboard.png
[DEBUG] from resource zip => assets/Resources/iconos/mdpi/12_hardware_mouse.png
[DEBUG] from resource zip => assets/Resources/iconos/mdpi/12_hardware_phone.png
[DEBUG] from resource zip => assets/Resources/iconos/mdpi/1_navigation_accept.png
[DEBUG] from resource zip => assets/Resources/iconos/mdpi/1_navigation_back.png
[DEBUG] from resource zip => assets/Resources/iconos/mdpi/1_navigation_cancel.png
[DEBUG] from resource zip => assets/Resources/iconos/mdpi/1_navigation_collapse.png
[DEBUG] from resource zip => assets/Resources/iconos/mdpi/1_navigation_expand.png
[DEBUG] from resource zip => assets/Resources/iconos/mdpi/1_navigation_forward.png
[DEBUG] from resource zip => assets/Resources/iconos/mdpi/1_navigation_next_item.png
[DEBUG] from resource zip => assets/Resources/iconos/mdpi/1_navigation_previous_item.png
[DEBUG] from resource zip => assets/Resources/iconos/mdpi/1_navigation_refresh.png
[DEBUG] from resource zip => assets/Resources/iconos/mdpi/2-action-about.png
[DEBUG] from resource zip => assets/Resources/iconos/mdpi/2-action-help.png
[DEBUG] from resource zip => assets/Resources/iconos/mdpi/2-action-search.png
[DEBUG] from resource zip => assets/Resources/iconos/mdpi/2-action-settings.png
[DEBUG] from resource zip => assets/Resources/iconos/mdpi/2_action_about.png
[DEBUG] from resource zip => assets/Resources/iconos/mdpi/2_action_help.png
[DEBUG] from resource zip => assets/Resources/iconos/mdpi/2_action_search.png
[DEBUG] from resource zip => assets/Resources/iconos/mdpi/2_action_settings.png
[DEBUG] from resource zip => assets/Resources/iconos/mdpi/3-rating-bad.png
[DEBUG] from resource zip => assets/Resources/iconos/mdpi/3-rating-favorite.png
[DEBUG] from resource zip => assets/Resources/iconos/mdpi/3-rating-good.png
[DEBUG] from resource zip => assets/Resources/iconos/mdpi/3-rating-half-important.png
[DEBUG] from resource zip => assets/Resources/iconos/mdpi/3-rating-important.png
[DEBUG] from resource zip => assets/Resources/iconos/mdpi/3-rating-not-important.png
[DEBUG] from resource zip => assets/Resources/iconos/mdpi/3_rating_bad.png
[DEBUG] from resource zip => assets/Resources/iconos/mdpi/3_rating_favorite.png
[DEBUG] from resource zip => assets/Resources/iconos/mdpi/3_rating_good.png
[DEBUG] from resource zip => assets/Resources/iconos/mdpi/3_rating_half_important.png
[DEBUG] from resource zip => assets/Resources/iconos/mdpi/3_rating_important.png
[DEBUG] from resource zip => assets/Resources/iconos/mdpi/3_rating_not_important.png
[DEBUG] from resource zip => assets/Resources/iconos/mdpi/4-collections-cloud.png
[DEBUG] from resource zip => assets/Resources/iconos/mdpi/4-collections-collection.png
[DEBUG] from resource zip => assets/Resources/iconos/mdpi/4-collections-go-to-today.png
[DEBUG] from resource zip => assets/Resources/iconos/mdpi/4-collections-labels.png
[DEBUG] from resource zip => assets/Resources/iconos/mdpi/4-collections-new-label.png
[DEBUG] from resource zip => assets/Resources/iconos/mdpi/4-collections-sort-by-size.png
[DEBUG] from resource zip => assets/Resources/iconos/mdpi/4-collections-view-as-grid.png
[DEBUG] from resource zip => assets/Resources/iconos/mdpi/4-collections-view-as-list.png
[DEBUG] from resource zip => assets/Resources/iconos/mdpi/4_collections_cloud.png
[DEBUG] from resource zip => assets/Resources/iconos/mdpi/4_collections_collection.png
[DEBUG] from resource zip => assets/Resources/iconos/mdpi/4_collections_go_to_today.png
[DEBUG] from resource zip => assets/Resources/iconos/mdpi/4_collections_labels.png
[DEBUG] from resource zip => assets/Resources/iconos/mdpi/4_collections_new_label.png
[DEBUG] from resource zip => assets/Resources/iconos/mdpi/4_collections_sort_by_size.png
[DEBUG] from resource zip => assets/Resources/iconos/mdpi/4_collections_view_as_grid.png
[DEBUG] from resource zip => assets/Resources/iconos/mdpi/4_collections_view_as_list.png
[DEBUG] from resource zip => assets/Resources/iconos/mdpi/5-content-attachment.png
[DEBUG] from resource zip => assets/Resources/iconos/mdpi/5-content-backspace.png
[DEBUG] from resource zip => assets/Resources/iconos/mdpi/5-content-copy.png
[DEBUG] from resource zip => assets/Resources/iconos/mdpi/5-content-cut.png
[DEBUG] from resource zip => assets/Resources/iconos/mdpi/5-content-discard.png
[DEBUG] from resource zip => assets/Resources/iconos/mdpi/5-content-edit.png
[DEBUG] from resource zip => assets/Resources/iconos/mdpi/5-content-email.png
[DEBUG] from resource zip => assets/Resources/iconos/mdpi/5-content-event.png
[DEBUG] from resource zip => assets/Resources/iconos/mdpi/5-content-import-export.png
[DEBUG] from resource zip => assets/Resources/iconos/mdpi/5-content-merge.png
[DEBUG] from resource zip => assets/Resources/iconos/mdpi/5-content-new-attachment.png
[DEBUG] from resource zip => assets/Resources/iconos/mdpi/5-content-new-email.png
[DEBUG] from resource zip => assets/Resources/iconos/mdpi/5-content-new-event.png
[DEBUG] from resource zip => assets/Resources/iconos/mdpi/5-content-new-picture.png
[DEBUG] from resource zip => assets/Resources/iconos/mdpi/5-content-new.png
[DEBUG] from resource zip => assets/Resources/iconos/mdpi/5-content-paste.png
[DEBUG] from resource zip => assets/Resources/iconos/mdpi/5-content-picture.png
[DEBUG] from resource zip => assets/Resources/iconos/mdpi/5-content-read.png
[DEBUG] from resource zip => assets/Resources/iconos/mdpi/5-content-remove.png
[DEBUG] from resource zip => assets/Resources/iconos/mdpi/5-content-save.png
[DEBUG] from resource zip => assets/Resources/iconos/mdpi/5-content-select-all.png
[DEBUG] from resource zip => assets/Resources/iconos/mdpi/5-content-split.png
[DEBUG] from resource zip => assets/Resources/iconos/mdpi/5-content-undo.png
[DEBUG] from resource zip => assets/Resources/iconos/mdpi/5-content-unread.png
[DEBUG] from resource zip => assets/Resources/iconos/mdpi/5_content_attachment.png
[DEBUG] from resource zip => assets/Resources/iconos/mdpi/5_content_backspace.png
[DEBUG] from resource zip => assets/Resources/iconos/mdpi/5_content_copy.png
[DEBUG] from resource zip => assets/Resources/iconos/mdpi/5_content_cut.png
[DEBUG] from resource zip => assets/Resources/iconos/mdpi/5_content_discard.png
[DEBUG] from resource zip => assets/Resources/iconos/mdpi/5_content_edit.png
[DEBUG] from resource zip => assets/Resources/iconos/mdpi/5_content_email.png
[DEBUG] from resource zip => assets/Resources/iconos/mdpi/5_content_event.png
[DEBUG] from resource zip => assets/Resources/iconos/mdpi/5_content_import_export.png
[DEBUG] from resource zip => assets/Resources/iconos/mdpi/5_content_merge.png
[DEBUG] from resource zip => assets/Resources/iconos/mdpi/5_content_new.png
[DEBUG] from resource zip => assets/Resources/iconos/mdpi/5_content_new_attachment.png
[DEBUG] from resource zip => assets/Resources/iconos/mdpi/5_content_new_email.png
[DEBUG] from resource zip => assets/Resources/iconos/mdpi/5_content_new_event.png
[DEBUG] from resource zip => assets/Resources/iconos/mdpi/5_content_new_picture.png
[DEBUG] from resource zip => assets/Resources/iconos/mdpi/5_content_paste.png
[DEBUG] from resource zip => assets/Resources/iconos/mdpi/5_content_picture.png
[DEBUG] from resource zip => assets/Resources/iconos/mdpi/5_content_read.png
[DEBUG] from resource zip => assets/Resources/iconos/mdpi/5_content_remove.png
[DEBUG] from resource zip => assets/Resources/iconos/mdpi/5_content_save.png
[DEBUG] from resource zip => assets/Resources/iconos/mdpi/5_content_select_all.png
[DEBUG] from resource zip => assets/Resources/iconos/mdpi/5_content_split.png
[DEBUG] from resource zip => assets/Resources/iconos/mdpi/5_content_undo.png
[DEBUG] from resource zip => assets/Resources/iconos/mdpi/5_content_unread.png
[DEBUG] from resource zip => assets/Resources/iconos/mdpi/6-social-add-group.png
[DEBUG] from resource zip => assets/Resources/iconos/mdpi/6-social-add-person.png
[DEBUG] from resource zip => assets/Resources/iconos/mdpi/6-social-cc-bcc.png
[DEBUG] from resource zip => assets/Resources/iconos/mdpi/6-social-chat.png
[DEBUG] from resource zip => assets/Resources/iconos/mdpi/6-social-forward.png
[DEBUG] from resource zip => assets/Resources/iconos/mdpi/6-social-group.png
[DEBUG] from resource zip => assets/Resources/iconos/mdpi/6-social-person.png
[DEBUG] from resource zip => assets/Resources/iconos/mdpi/6-social-reply-all.png
[DEBUG] from resource zip => assets/Resources/iconos/mdpi/6-social-reply.png
[DEBUG] from resource zip => assets/Resources/iconos/mdpi/6-social-send-now.png
[DEBUG] from resource zip => assets/Resources/iconos/mdpi/6-social-share.png
[DEBUG] from resource zip => assets/Resources/iconos/mdpi/6_social_add_group.png
[DEBUG] from resource zip => assets/Resources/iconos/mdpi/6_social_add_person.png
[DEBUG] from resource zip => assets/Resources/iconos/mdpi/6_social_cc_bcc.png
[DEBUG] from resource zip => assets/Resources/iconos/mdpi/6_social_chat.png
[DEBUG] from resource zip => assets/Resources/iconos/mdpi/6_social_forward.png
[DEBUG] from resource zip => assets/Resources/iconos/mdpi/6_social_group.png
[DEBUG] from resource zip => assets/Resources/iconos/mdpi/6_social_person.png
[DEBUG] from resource zip => assets/Resources/iconos/mdpi/6_social_reply.png
[DEBUG] from resource zip => assets/Resources/iconos/mdpi/6_social_reply_all.png
[DEBUG] from resource zip => assets/Resources/iconos/mdpi/6_social_send_now.png
[DEBUG] from resource zip => assets/Resources/iconos/mdpi/6_social_share.png
[DEBUG] from resource zip => assets/Resources/iconos/mdpi/7-location-directions.png
[DEBUG] from resource zip => assets/Resources/iconos/mdpi/7-location-map.png
[DEBUG] from resource zip => assets/Resources/iconos/mdpi/7-location-place.png
[DEBUG] from resource zip => assets/Resources/iconos/mdpi/7-location-web-site.png
[DEBUG] from resource zip => assets/Resources/iconos/mdpi/7_location_directions.png
[DEBUG] from resource zip => assets/Resources/iconos/mdpi/7_location_map.png
[DEBUG] from resource zip => assets/Resources/iconos/mdpi/7_location_place.png
[DEBUG] from resource zip => assets/Resources/iconos/mdpi/7_location_web_site.png
[DEBUG] from resource zip => assets/Resources/iconos/mdpi/8-images-crop.png
[DEBUG] from resource zip => assets/Resources/iconos/mdpi/8-images-rotate-left.png
[DEBUG] from resource zip => assets/Resources/iconos/mdpi/8-images-rotate-right.png
[DEBUG] from resource zip => assets/Resources/iconos/mdpi/8-images-slideshow.png
[DEBUG] from resource zip => assets/Resources/iconos/mdpi/8_images_crop.png
[DEBUG] from resource zip => assets/Resources/iconos/mdpi/8_images_rotate_left.png
[DEBUG] from resource zip => assets/Resources/iconos/mdpi/8_images_rotate_right.png
[DEBUG] from resource zip => assets/Resources/iconos/mdpi/8_images_slideshow.png
[DEBUG] from resource zip => assets/Resources/iconos/mdpi/9-av-add-to-queue.png
[DEBUG] from resource zip => assets/Resources/iconos/mdpi/9-av-download.png
[DEBUG] from resource zip => assets/Resources/iconos/mdpi/9-av-fast-forward.png
[DEBUG] from resource zip => assets/Resources/iconos/mdpi/9-av-full-screen.png
[DEBUG] from resource zip => assets/Resources/iconos/mdpi/9-av-make-available-offline.png
[DEBUG] from resource zip => assets/Resources/iconos/mdpi/9-av-next.png
[DEBUG] from resource zip => assets/Resources/iconos/mdpi/9-av-pause-over-video.png
[DEBUG] from resource zip => assets/Resources/iconos/mdpi/9-av-pause.png
[DEBUG] from resource zip => assets/Resources/iconos/mdpi/9-av-play-over-video.png
[DEBUG] from resource zip => assets/Resources/iconos/mdpi/9-av-play.png
[DEBUG] from resource zip => assets/Resources/iconos/mdpi/9-av-previous.png
[DEBUG] from resource zip => assets/Resources/iconos/mdpi/9-av-repeat.png
[DEBUG] from resource zip => assets/Resources/iconos/mdpi/9-av-replay.png
[DEBUG] from resource zip => assets/Resources/iconos/mdpi/9-av-return-from-full-screen.png
[DEBUG] from resource zip => assets/Resources/iconos/mdpi/9-av-rewind.png
[DEBUG] from resource zip => assets/Resources/iconos/mdpi/9-av-shuffle.png
[DEBUG] from resource zip => assets/Resources/iconos/mdpi/9-av-stop.png
[DEBUG] from resource zip => assets/Resources/iconos/mdpi/9-av-upload.png
[DEBUG] from resource zip => assets/Resources/iconos/mdpi/9_av_add_to_queue.png
[DEBUG] from resource zip => assets/Resources/iconos/mdpi/9_av_download.png
[DEBUG] from resource zip => assets/Resources/iconos/mdpi/9_av_fast_forward.png
[DEBUG] from resource zip => assets/Resources/iconos/mdpi/9_av_full_screen.png
[DEBUG] from resource zip => assets/Resources/iconos/mdpi/9_av_make_available_offline.png
[DEBUG] from resource zip => assets/Resources/iconos/mdpi/9_av_next.png
[DEBUG] from resource zip => assets/Resources/iconos/mdpi/9_av_pause.png
[DEBUG] from resource zip => assets/Resources/iconos/mdpi/9_av_pause_over_video.png
[DEBUG] from resource zip => assets/Resources/iconos/mdpi/9_av_play.png
[DEBUG] from resource zip => assets/Resources/iconos/mdpi/9_av_play_over_video.png
[DEBUG] from resource zip => assets/Resources/iconos/mdpi/9_av_previous.png
[DEBUG] from resource zip => assets/Resources/iconos/mdpi/9_av_repeat.png
[DEBUG] from resource zip => assets/Resources/iconos/mdpi/9_av_replay.png
[DEBUG] from resource zip => assets/Resources/iconos/mdpi/9_av_return_from_full_screen.png
[DEBUG] from resource zip => assets/Resources/iconos/mdpi/9_av_rewind.png
[DEBUG] from resource zip => assets/Resources/iconos/mdpi/9_av_shuffle.png
[DEBUG] from resource zip => assets/Resources/iconos/mdpi/9_av_stop.png
[DEBUG] from resource zip => assets/Resources/iconos/mdpi/9_av_upload.png
[DEBUG] from resource zip => assets/Resources/iconos/about.png
[DEBUG] from resource zip => assets/Resources/iconos/add.png
[DEBUG] from resource zip => assets/Resources/iconos/camera.png
[DEBUG] from resource zip => assets/Resources/iconos/cloud.png
[DEBUG] from resource zip => assets/Resources/iconos/collection.png
[DEBUG] from resource zip => assets/Resources/iconos/content.png
[DEBUG] from resource zip => assets/Resources/iconos/discard.png
[DEBUG] from resource zip => assets/Resources/iconos/download.png
[DEBUG] from resource zip => assets/Resources/iconos/edit.png
[DEBUG] from resource zip => assets/Resources/iconos/error.png
[DEBUG] from resource zip => assets/Resources/iconos/grid.png
[DEBUG] from resource zip => assets/Resources/iconos/group.png
[DEBUG] from resource zip => assets/Resources/iconos/list.png
[DEBUG] from resource zip => assets/Resources/iconos/offline.png
[DEBUG] from resource zip => assets/Resources/iconos/remove.png
[DEBUG] from resource zip => assets/Resources/iconos/save.png
[DEBUG] from resource zip => assets/Resources/iconos/upload.png
[DEBUG] from resource zip => assets/Resources/iconos/warning.png
[DEBUG] from resource zip => assets/Resources/icons/2_action_about.png
[DEBUG] from resource zip => assets/Resources/images/logo.png
[DEBUG] from resource zip => assets/Resources/KS_nav_ui.png
[DEBUG] from resource zip => assets/Resources/KS_nav_views.png
[DEBUG] from resource zip => assets/Resources/app.js
[DEBUG] from resource zip => assets/Resources/appicon.png
[DEBUG] from resource zip => assets/Resources/default.png
[DEBUG] from resource zip => assets/Resources/gridlines.js
[DEBUG] from resource zip => assets/app.json
[DEBUG] from resource zip => assets/index.json
[DEBUG] from resource zip => res/drawable/appicon.png
[DEBUG] from resource zip => res/drawable/background.png
[DEBUG] from resource zip => res/drawable/btn_check_buttonless_on_64.png
[DEBUG] from resource zip => res/drawable/btn_more_64.png
[DEBUG] from resource zip => res/drawable/disclosure_64.png
[DEBUG] from resource zip => res/layout/titanium_tabgroup.xml
[DEBUG] from resource zip => res/layout/titanium_ui_list_header_or_footer.xml
[DEBUG] from resource zip => res/layout/titanium_ui_list_item.xml
[DEBUG] from resource zip => AndroidManifest.xml
[DEBUG] from resource zip => resources.arsc
[DEBUG] from resource zip => res/drawable-long-land-hdpi/background.png
[DEBUG] from resource zip => res/drawable-long-land-ldpi/background.png
[DEBUG] from resource zip => res/drawable-long-port-hdpi/background.png
[DEBUG] from resource zip => res/drawable-long-port-ldpi/background.png
[DEBUG] from resource zip => res/drawable-notlong-land-hdpi/background.png
[DEBUG] from resource zip => res/drawable-notlong-land-ldpi/background.png
[DEBUG] from resource zip => res/drawable-notlong-land-mdpi/background.png
[DEBUG] from resource zip => res/drawable-notlong-port-hdpi/background.png
[DEBUG] from resource zip => res/drawable-notlong-port-ldpi/background.png
[DEBUG] from resource zip => res/drawable-notlong-port-mdpi/background.png
[DEBUG] from JAR C:\Users\Manuel\AppData\Roaming\Titanium\mobilesdk\win32\3.1.3.GA\android\modules\titanium-ui.jar => ti/modules/titanium/ui/widget/webview/binding.js
[DEBUG] from JAR C:\Users\Manuel\AppData\Roaming\Titanium\mobilesdk\win32\3.1.3.GA\android\modules\titanium-ui.jar => ti/modules/titanium/ui/widget/webview/binding.min.js
[DEBUG] from JAR C:\Users\Manuel\AppData\Roaming\Titanium\mobilesdk\win32\3.1.3.GA\android\modules\titanium-ui.jar => ti/modules/titanium/ui/widget/webview/json2.js
[DEBUG] from JAR C:\Users\Manuel\AppData\Roaming\Titanium\mobilesdk\win32\3.1.3.GA\android\modules\titanium-ui.jar => ti/modules/titanium/ui/widget/webview/polling.js
[DEBUG] from JAR C:\Users\Manuel\AppData\Roaming\Titanium\mobilesdk\win32\3.1.3.GA\android\modules\titanium-ui.jar => ti/modules/titanium/ui/widget/webview/polling.min.js
[DEBUG] from JAR C:\Users\Manuel\AppData\Roaming\Titanium\mobilesdk\win32\3.1.3.GA\android\titanium.jar => org/appcelerator/titanium/build.properties
[DEBUG] from JAR C:\Users\Manuel\AppData\Roaming\Titanium\mobilesdk\win32\3.1.3.GA\android\titanium.jar => org/appcelerator/titanium/res/drawable/background.png
[DEBUG] from JAR C:\Users\Manuel\AppData\Roaming\Titanium\mobilesdk\win32\3.1.3.GA\android\titanium.jar => org/appcelerator/titanium/res/drawable/btn_check_buttonless_on.png
[DEBUG] from JAR C:\Users\Manuel\AppData\Roaming\Titanium\mobilesdk\win32\3.1.3.GA\android\titanium.jar => org/appcelerator/titanium/res/drawable/btn_check_buttonless_on_18.png
[DEBUG] from JAR C:\Users\Manuel\AppData\Roaming\Titanium\mobilesdk\win32\3.1.3.GA\android\titanium.jar => org/appcelerator/titanium/res/drawable/btn_check_buttonless_on_48.png
[DEBUG] from JAR C:\Users\Manuel\AppData\Roaming\Titanium\mobilesdk\win32\3.1.3.GA\android\titanium.jar => org/appcelerator/titanium/res/drawable/btn_check_buttonless_on_64.png
[DEBUG] from JAR C:\Users\Manuel\AppData\Roaming\Titanium\mobilesdk\win32\3.1.3.GA\android\titanium.jar => org/appcelerator/titanium/res/drawable/btn_more.png
[DEBUG] from JAR C:\Users\Manuel\AppData\Roaming\Titanium\mobilesdk\win32\3.1.3.GA\android\titanium.jar => org/appcelerator/titanium/res/drawable/btn_more_18.png
[DEBUG] from JAR C:\Users\Manuel\AppData\Roaming\Titanium\mobilesdk\win32\3.1.3.GA\android\titanium.jar => org/appcelerator/titanium/res/drawable/btn_more_48.png
[DEBUG] from JAR C:\Users\Manuel\AppData\Roaming\Titanium\mobilesdk\win32\3.1.3.GA\android\titanium.jar => org/appcelerator/titanium/res/drawable/btn_more_64.png
[DEBUG] from JAR C:\Users\Manuel\AppData\Roaming\Titanium\mobilesdk\win32\3.1.3.GA\android\titanium.jar => org/appcelerator/titanium/res/drawable/btn_picker_normal.9.png
[DEBUG] from JAR C:\Users\Manuel\AppData\Roaming\Titanium\mobilesdk\win32\3.1.3.GA\android\titanium.jar => org/appcelerator/titanium/res/drawable/btn_picker_pressed.9.png
[DEBUG] from JAR C:\Users\Manuel\AppData\Roaming\Titanium\mobilesdk\win32\3.1.3.GA\android\titanium.jar => org/appcelerator/titanium/res/drawable/btn_picker_selected.9.png
[DEBUG] from JAR C:\Users\Manuel\AppData\Roaming\Titanium\mobilesdk\win32\3.1.3.GA\android\titanium.jar => org/appcelerator/titanium/res/drawable/default_icon.png
[DEBUG] from JAR C:\Users\Manuel\AppData\Roaming\Titanium\mobilesdk\win32\3.1.3.GA\android\titanium.jar => org/appcelerator/titanium/res/drawable/photoDefault.png
[DEBUG] installing native SDK libs
[DEBUG] Waiting for device to be ready ...
[TRACE] adb devices returned 1 devices/emulators
[DEBUG] Device connected... (waited 0 seconds)
[DEBUG] waited 0.082000 seconds on emulator to get ready
[INFO] Installing application on device
[INFO] Application installed. Launch from drawer on Home Screen
